2025-02-28 02:05:00 - DEBUG - Directory already exists: audio
2025-02-28 02:05:00 - DEBUG - Directory already exists: audio_split
2025-02-28 02:05:00 - INFO - Creating directory: audio_split/backup
2025-02-28 02:05:00 - INFO - Found 1 audio files in audio
2025-02-28 02:05:15 - DEBUG - Directory already exists: audio
2025-02-28 02:05:15 - DEBUG - Directory already exists: audio_split
2025-02-28 02:05:15 - DEBUG - Directory already exists: audio_split/backup
2025-02-28 02:05:15 - INFO - Found 1 audio files in audio
2025-02-28 02:05:24 - INFO - Starting audio split process for file: audio/Entre la amistad y la tensión por Ucrania： ¿qué dejó el encuentro entre Macron y Trump？_129.473kbps.wav
2025-02-28 02:05:24 - INFO - Parameters - Split size: 100s, Overlap size: 20s
2025-02-28 02:05:24 - DEBUG - Directory already exists: audio
2025-02-28 02:05:24 - DEBUG - Directory already exists: audio_split
2025-02-28 02:05:24 - DEBUG - Directory already exists: audio_split/backup
2025-02-28 02:05:24 - INFO - Cleaning audio_split directory
2025-02-28 02:05:24 - DEBUG - Removed 0 files from audio_split
2025-02-28 02:05:24 - DEBUG - Validating audio file path: audio/Entre la amistad y la tensión por Ucrania： ¿qué dejó el encuentro entre Macron y Trump？_129.473kbps.wav
2025-02-28 02:05:24 - DEBUG - File exists at specified path: audio/Entre la amistad y la tensión por Ucrania： ¿qué dejó el encuentro entre Macron y Trump？_129.473kbps.wav
2025-02-28 02:05:24 - INFO - Using audio file: audio/Entre la amistad y la tensión por Ucrania： ¿qué dejó el encuentro entre Macron y Trump？_129.473kbps.wav
2025-02-28 02:05:24 - INFO - Loading audio file: Entre la amistad y la tensión por Ucrania： ¿qué dejó el encuentro entre Macron y Trump？_129.473kbps.wav
2025-02-28 02:05:24 - DEBUG - Original audio format - Channels: 2, Sample rate: 44100Hz, Bit depth: 16 bits
2025-02-28 02:05:26 - DEBUG - Successfully standardized audio to mono 16kHz 16-bit PCM
2025-02-28 02:05:26 - INFO - Audio duration: 2367.74s, Expected chunks: 30
2025-02-28 02:05:26 - DEBUG - Effective chunk size with overlap: 80.00s
2025-02-28 02:05:26 - INFO - Validating overlap calculations before processing
2025-02-28 02:05:26 - WARNING - Simulated overlap between chunks 1 and 2 is inconsistent
2025-02-28 02:05:26 - DEBUG - Expected: 0.00s, Actual: 40.00s
2025-02-28 02:05:26 - WARNING - Simulated overlap between chunks 2 and 3 is inconsistent
2025-02-28 02:05:26 - DEBUG - Expected: 20.00s, Actual: 40.00s
2025-02-28 02:05:26 - WARNING - Simulated overlap between chunks 3 and 4 is inconsistent
2025-02-28 02:05:26 - DEBUG - Expected: 20.00s, Actual: 40.00s
2025-02-28 02:05:26 - WARNING - Simulated overlap between chunks 4 and 5 is inconsistent
2025-02-28 02:05:26 - DEBUG - Expected: 20.00s, Actual: 40.00s
2025-02-28 02:05:26 - WARNING - Simulated overlap between chunks 5 and 6 is inconsistent
2025-02-28 02:05:26 - DEBUG - Expected: 20.00s, Actual: 40.00s
2025-02-28 02:05:26 - WARNING - Simulated overlap between chunks 6 and 7 is inconsistent
2025-02-28 02:05:26 - DEBUG - Expected: 20.00s, Actual: 40.00s
2025-02-28 02:05:26 - WARNING - Simulated overlap between chunks 7 and 8 is inconsistent
2025-02-28 02:05:26 - DEBUG - Expected: 20.00s, Actual: 40.00s
2025-02-28 02:05:26 - WARNING - Simulated overlap between chunks 8 and 9 is inconsistent
2025-02-28 02:05:26 - DEBUG - Expected: 20.00s, Actual: 40.00s
2025-02-28 02:05:26 - WARNING - Simulated overlap between chunks 9 and 10 is inconsistent
2025-02-28 02:05:26 - DEBUG - Expected: 20.00s, Actual: 40.00s
2025-02-28 02:05:26 - WARNING - Simulated overlap between chunks 10 and 11 is inconsistent
2025-02-28 02:05:26 - DEBUG - Expected: 20.00s, Actual: 40.00s
2025-02-28 02:05:26 - WARNING - Simulated overlap between chunks 11 and 12 is inconsistent
2025-02-28 02:05:26 - DEBUG - Expected: 20.00s, Actual: 40.00s
2025-02-28 02:05:26 - WARNING - Simulated overlap between chunks 12 and 13 is inconsistent
2025-02-28 02:05:26 - DEBUG - Expected: 20.00s, Actual: 40.00s
2025-02-28 02:05:26 - WARNING - Simulated overlap between chunks 13 and 14 is inconsistent
2025-02-28 02:05:26 - DEBUG - Expected: 20.00s, Actual: 40.00s
2025-02-28 02:05:26 - WARNING - Simulated overlap between chunks 14 and 15 is inconsistent
2025-02-28 02:05:26 - DEBUG - Expected: 20.00s, Actual: 40.00s
2025-02-28 02:05:26 - WARNING - Simulated overlap between chunks 15 and 16 is inconsistent
2025-02-28 02:05:26 - DEBUG - Expected: 20.00s, Actual: 40.00s
2025-02-28 02:05:26 - WARNING - Simulated overlap between chunks 16 and 17 is inconsistent
2025-02-28 02:05:26 - DEBUG - Expected: 20.00s, Actual: 40.00s
2025-02-28 02:05:26 - WARNING - Simulated overlap between chunks 17 and 18 is inconsistent
2025-02-28 02:05:26 - DEBUG - Expected: 20.00s, Actual: 40.00s
2025-02-28 02:05:26 - WARNING - Simulated overlap between chunks 18 and 19 is inconsistent
2025-02-28 02:05:26 - DEBUG - Expected: 20.00s, Actual: 40.00s
2025-02-28 02:05:26 - WARNING - Simulated overlap between chunks 19 and 20 is inconsistent
2025-02-28 02:05:26 - DEBUG - Expected: 20.00s, Actual: 40.00s
2025-02-28 02:05:26 - WARNING - Simulated overlap between chunks 20 and 21 is inconsistent
2025-02-28 02:05:26 - DEBUG - Expected: 20.00s, Actual: 40.00s
2025-02-28 02:05:26 - WARNING - Simulated overlap between chunks 21 and 22 is inconsistent
2025-02-28 02:05:26 - DEBUG - Expected: 20.00s, Actual: 40.00s
2025-02-28 02:05:26 - WARNING - Simulated overlap between chunks 22 and 23 is inconsistent
2025-02-28 02:05:26 - DEBUG - Expected: 20.00s, Actual: 40.00s
2025-02-28 02:05:26 - WARNING - Simulated overlap between chunks 23 and 24 is inconsistent
2025-02-28 02:05:26 - DEBUG - Expected: 20.00s, Actual: 40.00s
2025-02-28 02:05:26 - WARNING - Simulated overlap between chunks 24 and 25 is inconsistent
2025-02-28 02:05:26 - DEBUG - Expected: 20.00s, Actual: 40.00s
2025-02-28 02:05:26 - WARNING - Simulated overlap between chunks 25 and 26 is inconsistent
2025-02-28 02:05:26 - DEBUG - Expected: 20.00s, Actual: 40.00s
2025-02-28 02:05:26 - WARNING - Simulated overlap between chunks 26 and 27 is inconsistent
2025-02-28 02:05:26 - DEBUG - Expected: 20.00s, Actual: 40.00s
2025-02-28 02:05:26 - WARNING - Simulated overlap between chunks 27 and 28 is inconsistent
2025-02-28 02:05:26 - DEBUG - Expected: 20.00s, Actual: 40.00s
2025-02-28 02:05:26 - WARNING - Simulated overlap between chunks 28 and 29 is inconsistent
2025-02-28 02:05:26 - DEBUG - Expected: 20.00s, Actual: 40.00s
2025-02-28 02:05:26 - WARNING - Simulated overlap between chunks 29 and 30 is inconsistent
2025-02-28 02:05:26 - DEBUG - Expected: 20.00s, Actual: 40.00s
2025-02-28 02:05:26 - INFO - Simulated audio coverage: 100.0% of original
2025-02-28 02:05:26 - WARNING - Validation found 29 potential overlap issues
2025-02-28 02:05:26 - WARNING - Overlap calculation validation warning: Overlap calculation validation found 29 potential issues
2025-02-28 02:05:26 - DEBUG - Chunk 1/30 - Main segment: 0.00s to 100.00s
2025-02-28 02:05:26 - DEBUG - Chunk 1/30 - With overlap: 0.00s to 100.00s
2025-02-28 02:05:26 - DEBUG - Chunk 1/30 - Overlap before: 0.00s, Overlap after: 0.00s
2025-02-28 02:05:26 - DEBUG - Successfully exported chunk 01 (100.00s)
2025-02-28 02:05:26 - DEBUG - Chunk 2/30 - Main segment: 80.00s to 180.00s
2025-02-28 02:05:26 - DEBUG - Chunk 2/30 - With overlap: 60.00s to 180.00s
2025-02-28 02:05:26 - DEBUG - Chunk 2/30 - Overlap before: 20.00s, Overlap after: 0.00s
2025-02-28 02:05:26 - DEBUG - Successfully exported chunk 02 (120.00s)
2025-02-28 02:05:26 - DEBUG - Chunk 3/30 - Main segment: 160.00s to 260.00s
2025-02-28 02:05:26 - DEBUG - Chunk 3/30 - With overlap: 140.00s to 260.00s
2025-02-28 02:05:26 - DEBUG - Chunk 3/30 - Overlap before: 20.00s, Overlap after: 0.00s
2025-02-28 02:05:26 - DEBUG - Successfully exported chunk 03 (120.00s)
2025-02-28 02:05:26 - DEBUG - Chunk 4/30 - Main segment: 240.00s to 340.00s
2025-02-28 02:05:26 - DEBUG - Chunk 4/30 - With overlap: 220.00s to 340.00s
2025-02-28 02:05:26 - DEBUG - Chunk 4/30 - Overlap before: 20.00s, Overlap after: 0.00s
2025-02-28 02:05:26 - DEBUG - Successfully exported chunk 04 (120.00s)
2025-02-28 02:05:26 - DEBUG - Chunk 5/30 - Main segment: 320.00s to 420.00s
2025-02-28 02:05:26 - DEBUG - Chunk 5/30 - With overlap: 300.00s to 420.00s
2025-02-28 02:05:26 - DEBUG - Chunk 5/30 - Overlap before: 20.00s, Overlap after: 0.00s
2025-02-28 02:05:26 - DEBUG - Successfully exported chunk 05 (120.00s)
2025-02-28 02:05:26 - DEBUG - Chunk 6/30 - Main segment: 400.00s to 500.00s
2025-02-28 02:05:26 - DEBUG - Chunk 6/30 - With overlap: 380.00s to 500.00s
2025-02-28 02:05:26 - DEBUG - Chunk 6/30 - Overlap before: 20.00s, Overlap after: 0.00s
2025-02-28 02:05:26 - DEBUG - Successfully exported chunk 06 (120.00s)
2025-02-28 02:05:26 - DEBUG - Chunk 7/30 - Main segment: 480.00s to 580.00s
2025-02-28 02:05:26 - DEBUG - Chunk 7/30 - With overlap: 460.00s to 580.00s
2025-02-28 02:05:26 - DEBUG - Chunk 7/30 - Overlap before: 20.00s, Overlap after: 0.00s
2025-02-28 02:05:26 - DEBUG - Successfully exported chunk 07 (120.00s)
2025-02-28 02:05:26 - DEBUG - Chunk 8/30 - Main segment: 560.00s to 660.00s
2025-02-28 02:05:26 - DEBUG - Chunk 8/30 - With overlap: 540.00s to 660.00s
2025-02-28 02:05:26 - DEBUG - Chunk 8/30 - Overlap before: 20.00s, Overlap after: 0.00s
2025-02-28 02:05:26 - DEBUG - Successfully exported chunk 08 (120.00s)
2025-02-28 02:05:26 - DEBUG - Chunk 9/30 - Main segment: 640.00s to 740.00s
2025-02-28 02:05:26 - DEBUG - Chunk 9/30 - With overlap: 620.00s to 740.00s
2025-02-28 02:05:26 - DEBUG - Chunk 9/30 - Overlap before: 20.00s, Overlap after: 0.00s
2025-02-28 02:05:26 - DEBUG - Successfully exported chunk 09 (120.00s)
2025-02-28 02:05:26 - DEBUG - Chunk 10/30 - Main segment: 720.00s to 820.00s
2025-02-28 02:05:26 - DEBUG - Chunk 10/30 - With overlap: 700.00s to 820.00s
2025-02-28 02:05:26 - DEBUG - Chunk 10/30 - Overlap before: 20.00s, Overlap after: 0.00s
2025-02-28 02:05:26 - DEBUG - Successfully exported chunk 10 (120.00s)
2025-02-28 02:05:26 - DEBUG - Chunk 11/30 - Main segment: 800.00s to 900.00s
2025-02-28 02:05:26 - DEBUG - Chunk 11/30 - With overlap: 780.00s to 900.00s
2025-02-28 02:05:26 - DEBUG - Chunk 11/30 - Overlap before: 20.00s, Overlap after: 0.00s
2025-02-28 02:05:26 - DEBUG - Successfully exported chunk 11 (120.00s)
2025-02-28 02:05:26 - DEBUG - Chunk 12/30 - Main segment: 880.00s to 980.00s
2025-02-28 02:05:26 - DEBUG - Chunk 12/30 - With overlap: 860.00s to 980.00s
2025-02-28 02:05:26 - DEBUG - Chunk 12/30 - Overlap before: 20.00s, Overlap after: 0.00s
2025-02-28 02:05:26 - DEBUG - Successfully exported chunk 12 (120.00s)
2025-02-28 02:05:26 - DEBUG - Chunk 13/30 - Main segment: 960.00s to 1060.00s
2025-02-28 02:05:26 - DEBUG - Chunk 13/30 - With overlap: 940.00s to 1060.00s
2025-02-28 02:05:26 - DEBUG - Chunk 13/30 - Overlap before: 20.00s, Overlap after: 0.00s
2025-02-28 02:05:26 - DEBUG - Successfully exported chunk 13 (120.00s)
2025-02-28 02:05:26 - DEBUG - Chunk 14/30 - Main segment: 1040.00s to 1140.00s
2025-02-28 02:05:26 - DEBUG - Chunk 14/30 - With overlap: 1020.00s to 1140.00s
2025-02-28 02:05:26 - DEBUG - Chunk 14/30 - Overlap before: 20.00s, Overlap after: 0.00s
2025-02-28 02:05:26 - DEBUG - Successfully exported chunk 14 (120.00s)
2025-02-28 02:05:26 - DEBUG - Chunk 15/30 - Main segment: 1120.00s to 1220.00s
2025-02-28 02:05:26 - DEBUG - Chunk 15/30 - With overlap: 1100.00s to 1220.00s
2025-02-28 02:05:26 - DEBUG - Chunk 15/30 - Overlap before: 20.00s, Overlap after: 0.00s
2025-02-28 02:05:26 - DEBUG - Successfully exported chunk 15 (120.00s)
2025-02-28 02:05:26 - DEBUG - Chunk 16/30 - Main segment: 1200.00s to 1300.00s
2025-02-28 02:05:26 - DEBUG - Chunk 16/30 - With overlap: 1180.00s to 1300.00s
2025-02-28 02:05:26 - DEBUG - Chunk 16/30 - Overlap before: 20.00s, Overlap after: 0.00s
2025-02-28 02:05:26 - DEBUG - Successfully exported chunk 16 (120.00s)
2025-02-28 02:05:26 - DEBUG - Chunk 17/30 - Main segment: 1280.00s to 1380.00s
2025-02-28 02:05:26 - DEBUG - Chunk 17/30 - With overlap: 1260.00s to 1380.00s
2025-02-28 02:05:26 - DEBUG - Chunk 17/30 - Overlap before: 20.00s, Overlap after: 0.00s
2025-02-28 02:05:26 - DEBUG - Successfully exported chunk 17 (120.00s)
2025-02-28 02:05:26 - DEBUG - Chunk 18/30 - Main segment: 1360.00s to 1460.00s
2025-02-28 02:05:26 - DEBUG - Chunk 18/30 - With overlap: 1340.00s to 1460.00s
2025-02-28 02:05:26 - DEBUG - Chunk 18/30 - Overlap before: 20.00s, Overlap after: 0.00s
2025-02-28 02:05:26 - DEBUG - Successfully exported chunk 18 (120.00s)
2025-02-28 02:05:26 - DEBUG - Chunk 19/30 - Main segment: 1440.00s to 1540.00s
2025-02-28 02:05:26 - DEBUG - Chunk 19/30 - With overlap: 1420.00s to 1540.00s
2025-02-28 02:05:26 - DEBUG - Chunk 19/30 - Overlap before: 20.00s, Overlap after: 0.00s
2025-02-28 02:05:26 - DEBUG - Successfully exported chunk 19 (120.00s)
2025-02-28 02:05:26 - DEBUG - Chunk 20/30 - Main segment: 1520.00s to 1620.00s
2025-02-28 02:05:26 - DEBUG - Chunk 20/30 - With overlap: 1500.00s to 1620.00s
2025-02-28 02:05:26 - DEBUG - Chunk 20/30 - Overlap before: 20.00s, Overlap after: 0.00s
2025-02-28 02:05:27 - DEBUG - Successfully exported chunk 20 (120.00s)
2025-02-28 02:05:27 - DEBUG - Chunk 21/30 - Main segment: 1600.00s to 1700.00s
2025-02-28 02:05:27 - DEBUG - Chunk 21/30 - With overlap: 1580.00s to 1700.00s
2025-02-28 02:05:27 - DEBUG - Chunk 21/30 - Overlap before: 20.00s, Overlap after: 0.00s
2025-02-28 02:05:27 - DEBUG - Successfully exported chunk 21 (120.00s)
2025-02-28 02:05:27 - DEBUG - Chunk 22/30 - Main segment: 1680.00s to 1780.00s
2025-02-28 02:05:27 - DEBUG - Chunk 22/30 - With overlap: 1660.00s to 1780.00s
2025-02-28 02:05:27 - DEBUG - Chunk 22/30 - Overlap before: 20.00s, Overlap after: 0.00s
2025-02-28 02:05:27 - DEBUG - Successfully exported chunk 22 (120.00s)
2025-02-28 02:05:27 - DEBUG - Chunk 23/30 - Main segment: 1760.00s to 1860.00s
2025-02-28 02:05:27 - DEBUG - Chunk 23/30 - With overlap: 1740.00s to 1860.00s
2025-02-28 02:05:27 - DEBUG - Chunk 23/30 - Overlap before: 20.00s, Overlap after: 0.00s
2025-02-28 02:05:27 - DEBUG - Successfully exported chunk 23 (120.00s)
2025-02-28 02:05:27 - DEBUG - Chunk 24/30 - Main segment: 1840.00s to 1940.00s
2025-02-28 02:05:27 - DEBUG - Chunk 24/30 - With overlap: 1820.00s to 1940.00s
2025-02-28 02:05:27 - DEBUG - Chunk 24/30 - Overlap before: 20.00s, Overlap after: 0.00s
2025-02-28 02:05:27 - DEBUG - Successfully exported chunk 24 (120.00s)
2025-02-28 02:05:27 - DEBUG - Chunk 25/30 - Main segment: 1920.00s to 2020.00s
2025-02-28 02:05:27 - DEBUG - Chunk 25/30 - With overlap: 1900.00s to 2020.00s
2025-02-28 02:05:27 - DEBUG - Chunk 25/30 - Overlap before: 20.00s, Overlap after: 0.00s
2025-02-28 02:05:27 - DEBUG - Successfully exported chunk 25 (120.00s)
2025-02-28 02:05:27 - DEBUG - Chunk 26/30 - Main segment: 2000.00s to 2100.00s
2025-02-28 02:05:27 - DEBUG - Chunk 26/30 - With overlap: 1980.00s to 2100.00s
2025-02-28 02:05:27 - DEBUG - Chunk 26/30 - Overlap before: 20.00s, Overlap after: 0.00s
2025-02-28 02:05:27 - DEBUG - Successfully exported chunk 26 (120.00s)
2025-02-28 02:05:27 - DEBUG - Chunk 27/30 - Main segment: 2080.00s to 2180.00s
2025-02-28 02:05:27 - DEBUG - Chunk 27/30 - With overlap: 2060.00s to 2180.00s
2025-02-28 02:05:27 - DEBUG - Chunk 27/30 - Overlap before: 20.00s, Overlap after: 0.00s
2025-02-28 02:05:27 - DEBUG - Successfully exported chunk 27 (120.00s)
2025-02-28 02:05:27 - DEBUG - Chunk 28/30 - Main segment: 2160.00s to 2260.00s
2025-02-28 02:05:27 - DEBUG - Chunk 28/30 - With overlap: 2140.00s to 2260.00s
2025-02-28 02:05:27 - DEBUG - Chunk 28/30 - Overlap before: 20.00s, Overlap after: 0.00s
2025-02-28 02:05:27 - DEBUG - Successfully exported chunk 28 (120.00s)
2025-02-28 02:05:27 - DEBUG - Chunk 29/30 - Main segment: 2240.00s to 2340.00s
2025-02-28 02:05:27 - DEBUG - Chunk 29/30 - With overlap: 2220.00s to 2340.00s
2025-02-28 02:05:27 - DEBUG - Chunk 29/30 - Overlap before: 20.00s, Overlap after: 0.00s
2025-02-28 02:05:27 - DEBUG - Successfully exported chunk 29 (120.00s)
2025-02-28 02:05:27 - DEBUG - Chunk 30/30 - Main segment: 2320.00s to 2367.74s
2025-02-28 02:05:27 - DEBUG - Chunk 30/30 - With overlap: 2300.00s to 2367.74s
2025-02-28 02:05:27 - DEBUG - Chunk 30/30 - Overlap before: 20.00s, Overlap after: 0.00s
2025-02-28 02:05:27 - DEBUG - Successfully exported chunk 30 (67.74s)
2025-02-28 02:05:27 - INFO - Verifying integrity of split files
2025-02-28 02:05:27 - DEBUG - Chunk 1 verified: 100.00s
2025-02-28 02:05:27 - DEBUG - Chunk 2 verified: 120.00s
2025-02-28 02:05:27 - DEBUG - Chunk 3 verified: 120.00s
2025-02-28 02:05:27 - DEBUG - Chunk 4 verified: 120.00s
2025-02-28 02:05:27 - DEBUG - Chunk 5 verified: 120.00s
2025-02-28 02:05:27 - DEBUG - Chunk 6 verified: 120.00s
2025-02-28 02:05:27 - DEBUG - Chunk 7 verified: 120.00s
2025-02-28 02:05:27 - DEBUG - Chunk 8 verified: 120.00s
2025-02-28 02:05:27 - DEBUG - Chunk 9 verified: 120.00s
2025-02-28 02:05:27 - DEBUG - Chunk 10 verified: 120.00s
2025-02-28 02:05:27 - DEBUG - Chunk 11 verified: 120.00s
2025-02-28 02:05:27 - DEBUG - Chunk 12 verified: 120.00s
2025-02-28 02:05:27 - DEBUG - Chunk 13 verified: 120.00s
2025-02-28 02:05:27 - DEBUG - Chunk 14 verified: 120.00s
2025-02-28 02:05:27 - DEBUG - Chunk 15 verified: 120.00s
2025-02-28 02:05:27 - DEBUG - Chunk 16 verified: 120.00s
2025-02-28 02:05:27 - DEBUG - Chunk 17 verified: 120.00s
2025-02-28 02:05:27 - DEBUG - Chunk 18 verified: 120.00s
2025-02-28 02:05:27 - DEBUG - Chunk 19 verified: 120.00s
2025-02-28 02:05:27 - DEBUG - Chunk 20 verified: 120.00s
2025-02-28 02:05:27 - DEBUG - Chunk 21 verified: 120.00s
2025-02-28 02:05:27 - DEBUG - Chunk 22 verified: 120.00s
2025-02-28 02:05:27 - DEBUG - Chunk 23 verified: 120.00s
2025-02-28 02:05:27 - DEBUG - Chunk 24 verified: 120.00s
2025-02-28 02:05:27 - DEBUG - Chunk 25 verified: 120.00s
2025-02-28 02:05:27 - DEBUG - Chunk 26 verified: 120.00s
2025-02-28 02:05:27 - DEBUG - Chunk 27 verified: 120.00s
2025-02-28 02:05:27 - DEBUG - Chunk 28 verified: 120.00s
2025-02-28 02:05:27 - DEBUG - Chunk 29 verified: 120.00s
2025-02-28 02:05:27 - DEBUG - Chunk 30 verified: 67.74s
2025-02-28 02:05:27 - INFO - Audio coverage: 100.0% of original
2025-02-28 02:05:27 - INFO - Performing enhanced overlap verification
2025-02-28 02:05:27 - WARNING - Overlap between chunks 1 and 2 is inconsistent
2025-02-28 02:05:27 - DEBUG - Expected: 0.00s, Actual: 40.00s
2025-02-28 02:05:27 - WARNING - Overlap between chunks 2 and 3 is inconsistent
2025-02-28 02:05:27 - DEBUG - Expected: 20.00s, Actual: 40.00s
2025-02-28 02:05:27 - WARNING - Overlap between chunks 3 and 4 is inconsistent
2025-02-28 02:05:27 - DEBUG - Expected: 20.00s, Actual: 40.00s
2025-02-28 02:05:27 - WARNING - Overlap between chunks 4 and 5 is inconsistent
2025-02-28 02:05:27 - DEBUG - Expected: 20.00s, Actual: 40.00s
2025-02-28 02:05:27 - WARNING - Overlap between chunks 5 and 6 is inconsistent
2025-02-28 02:05:27 - DEBUG - Expected: 20.00s, Actual: 40.00s
2025-02-28 02:05:27 - WARNING - Overlap between chunks 6 and 7 is inconsistent
2025-02-28 02:05:27 - DEBUG - Expected: 20.00s, Actual: 40.00s
2025-02-28 02:05:27 - WARNING - Overlap between chunks 7 and 8 is inconsistent
2025-02-28 02:05:27 - DEBUG - Expected: 20.00s, Actual: 40.00s
2025-02-28 02:05:27 - WARNING - Overlap between chunks 8 and 9 is inconsistent
2025-02-28 02:05:27 - DEBUG - Expected: 20.00s, Actual: 40.00s
2025-02-28 02:05:27 - WARNING - Overlap between chunks 9 and 10 is inconsistent
2025-02-28 02:05:27 - DEBUG - Expected: 20.00s, Actual: 40.00s
2025-02-28 02:05:27 - WARNING - Overlap between chunks 10 and 11 is inconsistent
2025-02-28 02:05:27 - DEBUG - Expected: 20.00s, Actual: 40.00s
2025-02-28 02:05:27 - WARNING - Overlap between chunks 11 and 12 is inconsistent
2025-02-28 02:05:27 - DEBUG - Expected: 20.00s, Actual: 40.00s
2025-02-28 02:05:27 - WARNING - Overlap between chunks 12 and 13 is inconsistent
2025-02-28 02:05:27 - DEBUG - Expected: 20.00s, Actual: 40.00s
2025-02-28 02:05:27 - WARNING - Overlap between chunks 13 and 14 is inconsistent
2025-02-28 02:05:27 - DEBUG - Expected: 20.00s, Actual: 40.00s
2025-02-28 02:05:27 - WARNING - Overlap between chunks 14 and 15 is inconsistent
2025-02-28 02:05:27 - DEBUG - Expected: 20.00s, Actual: 40.00s
2025-02-28 02:05:27 - WARNING - Overlap between chunks 15 and 16 is inconsistent
2025-02-28 02:05:27 - DEBUG - Expected: 20.00s, Actual: 40.00s
2025-02-28 02:05:27 - WARNING - Overlap between chunks 16 and 17 is inconsistent
2025-02-28 02:05:27 - DEBUG - Expected: 20.00s, Actual: 40.00s
2025-02-28 02:05:27 - WARNING - Overlap between chunks 17 and 18 is inconsistent
2025-02-28 02:05:27 - DEBUG - Expected: 20.00s, Actual: 40.00s
2025-02-28 02:05:27 - WARNING - Overlap between chunks 18 and 19 is inconsistent
2025-02-28 02:05:27 - DEBUG - Expected: 20.00s, Actual: 40.00s
2025-02-28 02:05:27 - WARNING - Overlap between chunks 19 and 20 is inconsistent
2025-02-28 02:05:27 - DEBUG - Expected: 20.00s, Actual: 40.00s
2025-02-28 02:05:27 - WARNING - Overlap between chunks 20 and 21 is inconsistent
2025-02-28 02:05:27 - DEBUG - Expected: 20.00s, Actual: 40.00s
2025-02-28 02:05:27 - WARNING - Overlap between chunks 21 and 22 is inconsistent
2025-02-28 02:05:27 - DEBUG - Expected: 20.00s, Actual: 40.00s
2025-02-28 02:05:27 - WARNING - Overlap between chunks 22 and 23 is inconsistent
2025-02-28 02:05:27 - DEBUG - Expected: 20.00s, Actual: 40.00s
2025-02-28 02:05:27 - WARNING - Overlap between chunks 23 and 24 is inconsistent
2025-02-28 02:05:27 - DEBUG - Expected: 20.00s, Actual: 40.00s
2025-02-28 02:05:27 - WARNING - Overlap between chunks 24 and 25 is inconsistent
2025-02-28 02:05:27 - DEBUG - Expected: 20.00s, Actual: 40.00s
2025-02-28 02:05:27 - WARNING - Overlap between chunks 25 and 26 is inconsistent
2025-02-28 02:05:27 - DEBUG - Expected: 20.00s, Actual: 40.00s
2025-02-28 02:05:27 - WARNING - Overlap between chunks 26 and 27 is inconsistent
2025-02-28 02:05:27 - DEBUG - Expected: 20.00s, Actual: 40.00s
2025-02-28 02:05:27 - WARNING - Overlap between chunks 27 and 28 is inconsistent
2025-02-28 02:05:27 - DEBUG - Expected: 20.00s, Actual: 40.00s
2025-02-28 02:05:27 - WARNING - Overlap between chunks 28 and 29 is inconsistent
2025-02-28 02:05:27 - DEBUG - Expected: 20.00s, Actual: 40.00s
2025-02-28 02:05:27 - WARNING - Overlap between chunks 29 and 30 is inconsistent
2025-02-28 02:05:27 - DEBUG - Expected: 20.00s, Actual: 40.00s
2025-02-28 02:05:27 - INFO - Splitting Summary:
Total chunks created: 30/30
Original duration: 2367.74s
Chunk size: 100s
Overlap size: 20s
Audio coverage: 100.0%
Overlaps validated: 29
Consistent overlaps: 0
Inconsistent overlaps: 29

2025-02-28 02:05:27 - INFO - Saving split state for 30 chunks
2025-02-28 02:05:27 - INFO - Split state saved to audio_split/split_state.json
2025-02-28 02:05:27 - INFO - Audio splitting completed successfully: 30 chunks created
2025-02-28 02:11:23 - INFO - Running overlap test with duration=300s, chunk_size=60s, overlap_size=15s
2025-02-28 02:11:23 - INFO - Validating overlap calculations before processing
2025-02-28 02:11:23 - WARNING - Simulated overlap between chunks 1 and 2 is inconsistent
2025-02-28 02:11:23 - DEBUG - Expected: 15.00s, Actual: 45.00s
2025-02-28 02:11:23 - WARNING - Simulated overlap between chunks 2 and 3 is inconsistent
2025-02-28 02:11:23 - DEBUG - Expected: 15.00s, Actual: 45.00s
2025-02-28 02:11:23 - WARNING - Simulated overlap between chunks 3 and 4 is inconsistent
2025-02-28 02:11:23 - DEBUG - Expected: 15.00s, Actual: 45.00s
2025-02-28 02:11:23 - WARNING - Simulated overlap between chunks 4 and 5 is inconsistent
2025-02-28 02:11:23 - DEBUG - Expected: 15.00s, Actual: 45.00s
2025-02-28 02:11:23 - WARNING - Simulated overlap between chunks 5 and 6 is inconsistent
2025-02-28 02:11:23 - DEBUG - Expected: 15.00s, Actual: 45.00s
2025-02-28 02:11:23 - WARNING - Simulated overlap between chunks 6 and 7 is inconsistent
2025-02-28 02:11:23 - DEBUG - Expected: 15.00s, Actual: 45.00s
2025-02-28 02:11:23 - INFO - Simulated audio coverage: 100.0% of original
2025-02-28 02:11:23 - WARNING - Validation found 6 potential overlap issues
2025-02-28 02:12:19 - INFO - Running overlap test with duration=300s, chunk_size=60s, overlap_size=15s
2025-02-28 02:12:19 - INFO - Validating overlap calculations before processing
2025-02-28 02:12:19 - WARNING - Simulated overlap between chunks 1 and 2 is inconsistent
2025-02-28 02:12:19 - DEBUG - Expected: 30.00s, Actual: 45.00s
2025-02-28 02:12:19 - WARNING - Simulated overlap between chunks 2 and 3 is inconsistent
2025-02-28 02:12:19 - DEBUG - Expected: 30.00s, Actual: 45.00s
2025-02-28 02:12:19 - WARNING - Simulated overlap between chunks 3 and 4 is inconsistent
2025-02-28 02:12:19 - DEBUG - Expected: 30.00s, Actual: 45.00s
2025-02-28 02:12:19 - WARNING - Simulated overlap between chunks 4 and 5 is inconsistent
2025-02-28 02:12:19 - DEBUG - Expected: 30.00s, Actual: 45.00s
2025-02-28 02:12:19 - WARNING - Simulated overlap between chunks 5 and 6 is inconsistent
2025-02-28 02:12:19 - DEBUG - Expected: 30.00s, Actual: 45.00s
2025-02-28 02:12:19 - WARNING - Simulated overlap between chunks 6 and 7 is inconsistent
2025-02-28 02:12:19 - DEBUG - Expected: 30.00s, Actual: 45.00s
2025-02-28 02:12:19 - INFO - Simulated audio coverage: 100.0% of original
2025-02-28 02:12:19 - WARNING - Validation found 6 potential overlap issues
2025-02-28 02:12:59 - INFO - Running overlap test with duration=300s, chunk_size=60s, overlap_size=15s
2025-02-28 02:12:59 - INFO - Validating overlap calculations before processing
2025-02-28 02:12:59 - INFO - Simulated audio coverage: 100.0% of original
2025-02-28 02:12:59 - INFO - Overlap calculations validated successfully
2025-02-28 02:13:10 - INFO - Starting audio split process for file: audio/Entre la amistad y la tensión por Ucrania： ¿qué dejó el encuentro entre Macron y Trump？_129.473kbps.wav
2025-02-28 02:13:10 - INFO - Parameters - Split size: 60s, Overlap size: 15s
2025-02-28 02:13:10 - DEBUG - Directory already exists: audio
2025-02-28 02:13:10 - DEBUG - Directory already exists: audio_split
2025-02-28 02:13:10 - DEBUG - Directory already exists: audio_split/backup
2025-02-28 02:13:10 - INFO - Cleaning audio_split directory
2025-02-28 02:13:10 - DEBUG - Backing up existing split state file
2025-02-28 02:13:10 - DEBUG - State file backed up to audio_split/backup/split_state_backup.json
2025-02-28 02:13:10 - DEBUG - Removed 30 files from audio_split
2025-02-28 02:13:10 - DEBUG - Validating audio file path: audio/Entre la amistad y la tensión por Ucrania： ¿qué dejó el encuentro entre Macron y Trump？_129.473kbps.wav
2025-02-28 02:13:10 - DEBUG - File exists at specified path: audio/Entre la amistad y la tensión por Ucrania： ¿qué dejó el encuentro entre Macron y Trump？_129.473kbps.wav
2025-02-28 02:13:10 - INFO - Using audio file: audio/Entre la amistad y la tensión por Ucrania： ¿qué dejó el encuentro entre Macron y Trump？_129.473kbps.wav
2025-02-28 02:13:10 - INFO - Loading audio file: Entre la amistad y la tensión por Ucrania： ¿qué dejó el encuentro entre Macron y Trump？_129.473kbps.wav
2025-02-28 02:13:10 - DEBUG - Original audio format - Channels: 2, Sample rate: 44100Hz, Bit depth: 16 bits
2025-02-28 02:13:11 - DEBUG - Successfully standardized audio to mono 16kHz 16-bit PCM
2025-02-28 02:13:11 - INFO - Audio duration: 2367.74s, Expected chunks: 53
2025-02-28 02:13:11 - DEBUG - Effective chunk size with overlap: 45.00s
2025-02-28 02:13:11 - INFO - Validating overlap calculations before processing
2025-02-28 02:13:11 - INFO - Simulated audio coverage: 100.0% of original
2025-02-28 02:13:11 - INFO - Overlap calculations validated successfully
2025-02-28 02:13:11 - DEBUG - Chunk 1/53 - Main segment: 0.00s to 60.00s
2025-02-28 02:13:11 - DEBUG - Chunk 1/53 - With overlap: 0.00s to 75.00s
2025-02-28 02:13:11 - DEBUG - Chunk 1/53 - Overlap before: 0.00s, Overlap after: 15.00s
2025-02-28 02:13:11 - DEBUG - Successfully exported chunk 01 (75.00s)
2025-02-28 02:13:11 - DEBUG - Chunk 2/53 - Main segment: 45.00s to 105.00s
2025-02-28 02:13:11 - DEBUG - Chunk 2/53 - With overlap: 30.00s to 120.00s
2025-02-28 02:13:11 - DEBUG - Chunk 2/53 - Overlap before: 15.00s, Overlap after: 15.00s
2025-02-28 02:13:11 - DEBUG - Successfully exported chunk 02 (90.00s)
2025-02-28 02:13:11 - DEBUG - Chunk 3/53 - Main segment: 90.00s to 150.00s
2025-02-28 02:13:11 - DEBUG - Chunk 3/53 - With overlap: 75.00s to 165.00s
2025-02-28 02:13:11 - DEBUG - Chunk 3/53 - Overlap before: 15.00s, Overlap after: 15.00s
2025-02-28 02:13:11 - DEBUG - Successfully exported chunk 03 (90.00s)
2025-02-28 02:13:11 - DEBUG - Chunk 4/53 - Main segment: 135.00s to 195.00s
2025-02-28 02:13:11 - DEBUG - Chunk 4/53 - With overlap: 120.00s to 210.00s
2025-02-28 02:13:11 - DEBUG - Chunk 4/53 - Overlap before: 15.00s, Overlap after: 15.00s
2025-02-28 02:13:11 - DEBUG - Successfully exported chunk 04 (90.00s)
2025-02-28 02:13:11 - DEBUG - Chunk 5/53 - Main segment: 180.00s to 240.00s
2025-02-28 02:13:11 - DEBUG - Chunk 5/53 - With overlap: 165.00s to 255.00s
2025-02-28 02:13:11 - DEBUG - Chunk 5/53 - Overlap before: 15.00s, Overlap after: 15.00s
2025-02-28 02:13:11 - DEBUG - Successfully exported chunk 05 (90.00s)
2025-02-28 02:13:11 - DEBUG - Chunk 6/53 - Main segment: 225.00s to 285.00s
2025-02-28 02:13:11 - DEBUG - Chunk 6/53 - With overlap: 210.00s to 300.00s
2025-02-28 02:13:11 - DEBUG - Chunk 6/53 - Overlap before: 15.00s, Overlap after: 15.00s
2025-02-28 02:13:11 - DEBUG - Successfully exported chunk 06 (90.00s)
2025-02-28 02:13:11 - DEBUG - Chunk 7/53 - Main segment: 270.00s to 330.00s
2025-02-28 02:13:11 - DEBUG - Chunk 7/53 - With overlap: 255.00s to 345.00s
2025-02-28 02:13:11 - DEBUG - Chunk 7/53 - Overlap before: 15.00s, Overlap after: 15.00s
2025-02-28 02:13:11 - DEBUG - Successfully exported chunk 07 (90.00s)
2025-02-28 02:13:11 - DEBUG - Chunk 8/53 - Main segment: 315.00s to 375.00s
2025-02-28 02:13:11 - DEBUG - Chunk 8/53 - With overlap: 300.00s to 390.00s
2025-02-28 02:13:11 - DEBUG - Chunk 8/53 - Overlap before: 15.00s, Overlap after: 15.00s
2025-02-28 02:13:11 - DEBUG - Successfully exported chunk 08 (90.00s)
2025-02-28 02:13:11 - DEBUG - Chunk 9/53 - Main segment: 360.00s to 420.00s
2025-02-28 02:13:11 - DEBUG - Chunk 9/53 - With overlap: 345.00s to 435.00s
2025-02-28 02:13:11 - DEBUG - Chunk 9/53 - Overlap before: 15.00s, Overlap after: 15.00s
2025-02-28 02:13:12 - DEBUG - Successfully exported chunk 09 (90.00s)
2025-02-28 02:13:12 - DEBUG - Chunk 10/53 - Main segment: 405.00s to 465.00s
2025-02-28 02:13:12 - DEBUG - Chunk 10/53 - With overlap: 390.00s to 480.00s
2025-02-28 02:13:12 - DEBUG - Chunk 10/53 - Overlap before: 15.00s, Overlap after: 15.00s
2025-02-28 02:13:12 - DEBUG - Successfully exported chunk 10 (90.00s)
2025-02-28 02:13:12 - DEBUG - Chunk 11/53 - Main segment: 450.00s to 510.00s
2025-02-28 02:13:12 - DEBUG - Chunk 11/53 - With overlap: 435.00s to 525.00s
2025-02-28 02:13:12 - DEBUG - Chunk 11/53 - Overlap before: 15.00s, Overlap after: 15.00s
2025-02-28 02:13:12 - DEBUG - Successfully exported chunk 11 (90.00s)
2025-02-28 02:13:12 - DEBUG - Chunk 12/53 - Main segment: 495.00s to 555.00s
2025-02-28 02:13:12 - DEBUG - Chunk 12/53 - With overlap: 480.00s to 570.00s
2025-02-28 02:13:12 - DEBUG - Chunk 12/53 - Overlap before: 15.00s, Overlap after: 15.00s
2025-02-28 02:13:12 - DEBUG - Successfully exported chunk 12 (90.00s)
2025-02-28 02:13:12 - DEBUG - Chunk 13/53 - Main segment: 540.00s to 600.00s
2025-02-28 02:13:12 - DEBUG - Chunk 13/53 - With overlap: 525.00s to 615.00s
2025-02-28 02:13:12 - DEBUG - Chunk 13/53 - Overlap before: 15.00s, Overlap after: 15.00s
2025-02-28 02:13:12 - DEBUG - Successfully exported chunk 13 (90.00s)
2025-02-28 02:13:12 - DEBUG - Chunk 14/53 - Main segment: 585.00s to 645.00s
2025-02-28 02:13:12 - DEBUG - Chunk 14/53 - With overlap: 570.00s to 660.00s
2025-02-28 02:13:12 - DEBUG - Chunk 14/53 - Overlap before: 15.00s, Overlap after: 15.00s
2025-02-28 02:13:12 - DEBUG - Successfully exported chunk 14 (90.00s)
2025-02-28 02:13:12 - DEBUG - Chunk 15/53 - Main segment: 630.00s to 690.00s
2025-02-28 02:13:12 - DEBUG - Chunk 15/53 - With overlap: 615.00s to 705.00s
2025-02-28 02:13:12 - DEBUG - Chunk 15/53 - Overlap before: 15.00s, Overlap after: 15.00s
2025-02-28 02:13:12 - DEBUG - Successfully exported chunk 15 (90.00s)
2025-02-28 02:13:12 - DEBUG - Chunk 16/53 - Main segment: 675.00s to 735.00s
2025-02-28 02:13:12 - DEBUG - Chunk 16/53 - With overlap: 660.00s to 750.00s
2025-02-28 02:13:12 - DEBUG - Chunk 16/53 - Overlap before: 15.00s, Overlap after: 15.00s
2025-02-28 02:13:12 - DEBUG - Successfully exported chunk 16 (90.00s)
2025-02-28 02:13:12 - DEBUG - Chunk 17/53 - Main segment: 720.00s to 780.00s
2025-02-28 02:13:12 - DEBUG - Chunk 17/53 - With overlap: 705.00s to 795.00s
2025-02-28 02:13:12 - DEBUG - Chunk 17/53 - Overlap before: 15.00s, Overlap after: 15.00s
2025-02-28 02:13:12 - DEBUG - Successfully exported chunk 17 (90.00s)
2025-02-28 02:13:12 - DEBUG - Chunk 18/53 - Main segment: 765.00s to 825.00s
2025-02-28 02:13:12 - DEBUG - Chunk 18/53 - With overlap: 750.00s to 840.00s
2025-02-28 02:13:12 - DEBUG - Chunk 18/53 - Overlap before: 15.00s, Overlap after: 15.00s
2025-02-28 02:13:12 - DEBUG - Successfully exported chunk 18 (90.00s)
2025-02-28 02:13:12 - DEBUG - Chunk 19/53 - Main segment: 810.00s to 870.00s
2025-02-28 02:13:12 - DEBUG - Chunk 19/53 - With overlap: 795.00s to 885.00s
2025-02-28 02:13:12 - DEBUG - Chunk 19/53 - Overlap before: 15.00s, Overlap after: 15.00s
2025-02-28 02:13:12 - DEBUG - Successfully exported chunk 19 (90.00s)
2025-02-28 02:13:12 - DEBUG - Chunk 20/53 - Main segment: 855.00s to 915.00s
2025-02-28 02:13:12 - DEBUG - Chunk 20/53 - With overlap: 840.00s to 930.00s
2025-02-28 02:13:12 - DEBUG - Chunk 20/53 - Overlap before: 15.00s, Overlap after: 15.00s
2025-02-28 02:13:12 - DEBUG - Successfully exported chunk 20 (90.00s)
2025-02-28 02:13:12 - DEBUG - Chunk 21/53 - Main segment: 900.00s to 960.00s
2025-02-28 02:13:12 - DEBUG - Chunk 21/53 - With overlap: 885.00s to 975.00s
2025-02-28 02:13:12 - DEBUG - Chunk 21/53 - Overlap before: 15.00s, Overlap after: 15.00s
2025-02-28 02:13:12 - DEBUG - Successfully exported chunk 21 (90.00s)
2025-02-28 02:13:12 - DEBUG - Chunk 22/53 - Main segment: 945.00s to 1005.00s
2025-02-28 02:13:12 - DEBUG - Chunk 22/53 - With overlap: 930.00s to 1020.00s
2025-02-28 02:13:12 - DEBUG - Chunk 22/53 - Overlap before: 15.00s, Overlap after: 15.00s
2025-02-28 02:13:12 - DEBUG - Successfully exported chunk 22 (90.00s)
2025-02-28 02:13:12 - DEBUG - Chunk 23/53 - Main segment: 990.00s to 1050.00s
2025-02-28 02:13:12 - DEBUG - Chunk 23/53 - With overlap: 975.00s to 1065.00s
2025-02-28 02:13:12 - DEBUG - Chunk 23/53 - Overlap before: 15.00s, Overlap after: 15.00s
2025-02-28 02:13:12 - DEBUG - Successfully exported chunk 23 (90.00s)
2025-02-28 02:13:12 - DEBUG - Chunk 24/53 - Main segment: 1035.00s to 1095.00s
2025-02-28 02:13:12 - DEBUG - Chunk 24/53 - With overlap: 1020.00s to 1110.00s
2025-02-28 02:13:12 - DEBUG - Chunk 24/53 - Overlap before: 15.00s, Overlap after: 15.00s
2025-02-28 02:13:12 - DEBUG - Successfully exported chunk 24 (90.00s)
2025-02-28 02:13:12 - DEBUG - Chunk 25/53 - Main segment: 1080.00s to 1140.00s
2025-02-28 02:13:12 - DEBUG - Chunk 25/53 - With overlap: 1065.00s to 1155.00s
2025-02-28 02:13:12 - DEBUG - Chunk 25/53 - Overlap before: 15.00s, Overlap after: 15.00s
2025-02-28 02:13:12 - DEBUG - Successfully exported chunk 25 (90.00s)
2025-02-28 02:13:12 - DEBUG - Chunk 26/53 - Main segment: 1125.00s to 1185.00s
2025-02-28 02:13:12 - DEBUG - Chunk 26/53 - With overlap: 1110.00s to 1200.00s
2025-02-28 02:13:12 - DEBUG - Chunk 26/53 - Overlap before: 15.00s, Overlap after: 15.00s
2025-02-28 02:13:12 - DEBUG - Successfully exported chunk 26 (90.00s)
2025-02-28 02:13:12 - DEBUG - Chunk 27/53 - Main segment: 1170.00s to 1230.00s
2025-02-28 02:13:12 - DEBUG - Chunk 27/53 - With overlap: 1155.00s to 1245.00s
2025-02-28 02:13:12 - DEBUG - Chunk 27/53 - Overlap before: 15.00s, Overlap after: 15.00s
2025-02-28 02:13:12 - DEBUG - Successfully exported chunk 27 (90.00s)
2025-02-28 02:13:12 - DEBUG - Chunk 28/53 - Main segment: 1215.00s to 1275.00s
2025-02-28 02:13:12 - DEBUG - Chunk 28/53 - With overlap: 1200.00s to 1290.00s
2025-02-28 02:13:12 - DEBUG - Chunk 28/53 - Overlap before: 15.00s, Overlap after: 15.00s
2025-02-28 02:13:12 - DEBUG - Successfully exported chunk 28 (90.00s)
2025-02-28 02:13:12 - DEBUG - Chunk 29/53 - Main segment: 1260.00s to 1320.00s
2025-02-28 02:13:12 - DEBUG - Chunk 29/53 - With overlap: 1245.00s to 1335.00s
2025-02-28 02:13:12 - DEBUG - Chunk 29/53 - Overlap before: 15.00s, Overlap after: 15.00s
2025-02-28 02:13:12 - DEBUG - Successfully exported chunk 29 (90.00s)
2025-02-28 02:13:12 - DEBUG - Chunk 30/53 - Main segment: 1305.00s to 1365.00s
2025-02-28 02:13:12 - DEBUG - Chunk 30/53 - With overlap: 1290.00s to 1380.00s
2025-02-28 02:13:12 - DEBUG - Chunk 30/53 - Overlap before: 15.00s, Overlap after: 15.00s
2025-02-28 02:13:12 - DEBUG - Successfully exported chunk 30 (90.00s)
2025-02-28 02:13:12 - DEBUG - Chunk 31/53 - Main segment: 1350.00s to 1410.00s
2025-02-28 02:13:12 - DEBUG - Chunk 31/53 - With overlap: 1335.00s to 1425.00s
2025-02-28 02:13:12 - DEBUG - Chunk 31/53 - Overlap before: 15.00s, Overlap after: 15.00s
2025-02-28 02:13:13 - DEBUG - Successfully exported chunk 31 (90.00s)
2025-02-28 02:13:13 - DEBUG - Chunk 32/53 - Main segment: 1395.00s to 1455.00s
2025-02-28 02:13:13 - DEBUG - Chunk 32/53 - With overlap: 1380.00s to 1470.00s
2025-02-28 02:13:13 - DEBUG - Chunk 32/53 - Overlap before: 15.00s, Overlap after: 15.00s
2025-02-28 02:13:13 - DEBUG - Successfully exported chunk 32 (90.00s)
2025-02-28 02:13:13 - DEBUG - Chunk 33/53 - Main segment: 1440.00s to 1500.00s
2025-02-28 02:13:13 - DEBUG - Chunk 33/53 - With overlap: 1425.00s to 1515.00s
2025-02-28 02:13:13 - DEBUG - Chunk 33/53 - Overlap before: 15.00s, Overlap after: 15.00s
2025-02-28 02:13:13 - DEBUG - Successfully exported chunk 33 (90.00s)
2025-02-28 02:13:13 - DEBUG - Chunk 34/53 - Main segment: 1485.00s to 1545.00s
2025-02-28 02:13:13 - DEBUG - Chunk 34/53 - With overlap: 1470.00s to 1560.00s
2025-02-28 02:13:13 - DEBUG - Chunk 34/53 - Overlap before: 15.00s, Overlap after: 15.00s
2025-02-28 02:13:13 - DEBUG - Successfully exported chunk 34 (90.00s)
2025-02-28 02:13:13 - DEBUG - Chunk 35/53 - Main segment: 1530.00s to 1590.00s
2025-02-28 02:13:13 - DEBUG - Chunk 35/53 - With overlap: 1515.00s to 1605.00s
2025-02-28 02:13:13 - DEBUG - Chunk 35/53 - Overlap before: 15.00s, Overlap after: 15.00s
2025-02-28 02:13:13 - DEBUG - Successfully exported chunk 35 (90.00s)
2025-02-28 02:13:13 - DEBUG - Chunk 36/53 - Main segment: 1575.00s to 1635.00s
2025-02-28 02:13:13 - DEBUG - Chunk 36/53 - With overlap: 1560.00s to 1650.00s
2025-02-28 02:13:13 - DEBUG - Chunk 36/53 - Overlap before: 15.00s, Overlap after: 15.00s
2025-02-28 02:13:13 - DEBUG - Successfully exported chunk 36 (90.00s)
2025-02-28 02:13:13 - DEBUG - Chunk 37/53 - Main segment: 1620.00s to 1680.00s
2025-02-28 02:13:13 - DEBUG - Chunk 37/53 - With overlap: 1605.00s to 1695.00s
2025-02-28 02:13:13 - DEBUG - Chunk 37/53 - Overlap before: 15.00s, Overlap after: 15.00s
2025-02-28 02:13:13 - DEBUG - Successfully exported chunk 37 (90.00s)
2025-02-28 02:13:13 - DEBUG - Chunk 38/53 - Main segment: 1665.00s to 1725.00s
2025-02-28 02:13:13 - DEBUG - Chunk 38/53 - With overlap: 1650.00s to 1740.00s
2025-02-28 02:13:13 - DEBUG - Chunk 38/53 - Overlap before: 15.00s, Overlap after: 15.00s
2025-02-28 02:13:13 - DEBUG - Successfully exported chunk 38 (90.00s)
2025-02-28 02:13:13 - DEBUG - Chunk 39/53 - Main segment: 1710.00s to 1770.00s
2025-02-28 02:13:13 - DEBUG - Chunk 39/53 - With overlap: 1695.00s to 1785.00s
2025-02-28 02:13:13 - DEBUG - Chunk 39/53 - Overlap before: 15.00s, Overlap after: 15.00s
2025-02-28 02:13:13 - DEBUG - Successfully exported chunk 39 (90.00s)
2025-02-28 02:13:13 - DEBUG - Chunk 40/53 - Main segment: 1755.00s to 1815.00s
2025-02-28 02:13:13 - DEBUG - Chunk 40/53 - With overlap: 1740.00s to 1830.00s
2025-02-28 02:13:13 - DEBUG - Chunk 40/53 - Overlap before: 15.00s, Overlap after: 15.00s
2025-02-28 02:13:13 - DEBUG - Successfully exported chunk 40 (90.00s)
2025-02-28 02:13:13 - DEBUG - Chunk 41/53 - Main segment: 1800.00s to 1860.00s
2025-02-28 02:13:13 - DEBUG - Chunk 41/53 - With overlap: 1785.00s to 1875.00s
2025-02-28 02:13:13 - DEBUG - Chunk 41/53 - Overlap before: 15.00s, Overlap after: 15.00s
2025-02-28 02:13:13 - DEBUG - Successfully exported chunk 41 (90.00s)
2025-02-28 02:13:13 - DEBUG - Chunk 42/53 - Main segment: 1845.00s to 1905.00s
2025-02-28 02:13:13 - DEBUG - Chunk 42/53 - With overlap: 1830.00s to 1920.00s
2025-02-28 02:13:13 - DEBUG - Chunk 42/53 - Overlap before: 15.00s, Overlap after: 15.00s
2025-02-28 02:13:13 - DEBUG - Successfully exported chunk 42 (90.00s)
2025-02-28 02:13:13 - DEBUG - Chunk 43/53 - Main segment: 1890.00s to 1950.00s
2025-02-28 02:13:13 - DEBUG - Chunk 43/53 - With overlap: 1875.00s to 1965.00s
2025-02-28 02:13:13 - DEBUG - Chunk 43/53 - Overlap before: 15.00s, Overlap after: 15.00s
2025-02-28 02:13:13 - DEBUG - Successfully exported chunk 43 (90.00s)
2025-02-28 02:13:13 - DEBUG - Chunk 44/53 - Main segment: 1935.00s to 1995.00s
2025-02-28 02:13:13 - DEBUG - Chunk 44/53 - With overlap: 1920.00s to 2010.00s
2025-02-28 02:13:13 - DEBUG - Chunk 44/53 - Overlap before: 15.00s, Overlap after: 15.00s
2025-02-28 02:13:13 - DEBUG - Successfully exported chunk 44 (90.00s)
2025-02-28 02:13:13 - DEBUG - Chunk 45/53 - Main segment: 1980.00s to 2040.00s
2025-02-28 02:13:13 - DEBUG - Chunk 45/53 - With overlap: 1965.00s to 2055.00s
2025-02-28 02:13:13 - DEBUG - Chunk 45/53 - Overlap before: 15.00s, Overlap after: 15.00s
2025-02-28 02:13:13 - DEBUG - Successfully exported chunk 45 (90.00s)
2025-02-28 02:13:13 - DEBUG - Chunk 46/53 - Main segment: 2025.00s to 2085.00s
2025-02-28 02:13:13 - DEBUG - Chunk 46/53 - With overlap: 2010.00s to 2100.00s
2025-02-28 02:13:13 - DEBUG - Chunk 46/53 - Overlap before: 15.00s, Overlap after: 15.00s
2025-02-28 02:13:13 - DEBUG - Successfully exported chunk 46 (90.00s)
2025-02-28 02:13:13 - DEBUG - Chunk 47/53 - Main segment: 2070.00s to 2130.00s
2025-02-28 02:13:13 - DEBUG - Chunk 47/53 - With overlap: 2055.00s to 2145.00s
2025-02-28 02:13:13 - DEBUG - Chunk 47/53 - Overlap before: 15.00s, Overlap after: 15.00s
2025-02-28 02:13:13 - DEBUG - Successfully exported chunk 47 (90.00s)
2025-02-28 02:13:13 - DEBUG - Chunk 48/53 - Main segment: 2115.00s to 2175.00s
2025-02-28 02:13:13 - DEBUG - Chunk 48/53 - With overlap: 2100.00s to 2190.00s
2025-02-28 02:13:13 - DEBUG - Chunk 48/53 - Overlap before: 15.00s, Overlap after: 15.00s
2025-02-28 02:13:13 - DEBUG - Successfully exported chunk 48 (90.00s)
2025-02-28 02:13:13 - DEBUG - Chunk 49/53 - Main segment: 2160.00s to 2220.00s
2025-02-28 02:13:13 - DEBUG - Chunk 49/53 - With overlap: 2145.00s to 2235.00s
2025-02-28 02:13:13 - DEBUG - Chunk 49/53 - Overlap before: 15.00s, Overlap after: 15.00s
2025-02-28 02:13:13 - DEBUG - Successfully exported chunk 49 (90.00s)
2025-02-28 02:13:13 - DEBUG - Chunk 50/53 - Main segment: 2205.00s to 2265.00s
2025-02-28 02:13:13 - DEBUG - Chunk 50/53 - With overlap: 2190.00s to 2280.00s
2025-02-28 02:13:13 - DEBUG - Chunk 50/53 - Overlap before: 15.00s, Overlap after: 15.00s
2025-02-28 02:13:13 - DEBUG - Successfully exported chunk 50 (90.00s)
2025-02-28 02:13:13 - DEBUG - Chunk 51/53 - Main segment: 2250.00s to 2310.00s
2025-02-28 02:13:13 - DEBUG - Chunk 51/53 - With overlap: 2235.00s to 2325.00s
2025-02-28 02:13:13 - DEBUG - Chunk 51/53 - Overlap before: 15.00s, Overlap after: 15.00s
2025-02-28 02:13:14 - DEBUG - Successfully exported chunk 51 (90.00s)
2025-02-28 02:13:14 - DEBUG - Chunk 52/53 - Main segment: 2295.00s to 2355.00s
2025-02-28 02:13:14 - DEBUG - Chunk 52/53 - With overlap: 2280.00s to 2367.74s
2025-02-28 02:13:14 - DEBUG - Chunk 52/53 - Overlap before: 15.00s, Overlap after: 12.74s
2025-02-28 02:13:14 - DEBUG - Successfully exported chunk 52 (87.74s)
2025-02-28 02:13:14 - DEBUG - Chunk 53/53 - Main segment: 2340.00s to 2367.74s
2025-02-28 02:13:14 - DEBUG - Chunk 53/53 - With overlap: 2325.00s to 2367.74s
2025-02-28 02:13:14 - DEBUG - Chunk 53/53 - Overlap before: 15.00s, Overlap after: 0.00s
2025-02-28 02:13:14 - DEBUG - Successfully exported chunk 53 (42.74s)
2025-02-28 02:13:14 - INFO - Verifying integrity of split files
2025-02-28 02:13:14 - DEBUG - Chunk 1 verified: 75.00s
2025-02-28 02:13:14 - DEBUG - Chunk 2 verified: 90.00s
2025-02-28 02:13:14 - DEBUG - Chunk 3 verified: 90.00s
2025-02-28 02:13:14 - DEBUG - Chunk 4 verified: 90.00s
2025-02-28 02:13:14 - DEBUG - Chunk 5 verified: 90.00s
2025-02-28 02:13:14 - DEBUG - Chunk 6 verified: 90.00s
2025-02-28 02:13:14 - DEBUG - Chunk 7 verified: 90.00s
2025-02-28 02:13:14 - DEBUG - Chunk 8 verified: 90.00s
2025-02-28 02:13:14 - DEBUG - Chunk 9 verified: 90.00s
2025-02-28 02:13:14 - DEBUG - Chunk 10 verified: 90.00s
2025-02-28 02:13:14 - DEBUG - Chunk 11 verified: 90.00s
2025-02-28 02:13:14 - DEBUG - Chunk 12 verified: 90.00s
2025-02-28 02:13:14 - DEBUG - Chunk 13 verified: 90.00s
2025-02-28 02:13:14 - DEBUG - Chunk 14 verified: 90.00s
2025-02-28 02:13:14 - DEBUG - Chunk 15 verified: 90.00s
2025-02-28 02:13:14 - DEBUG - Chunk 16 verified: 90.00s
2025-02-28 02:13:14 - DEBUG - Chunk 17 verified: 90.00s
2025-02-28 02:13:14 - DEBUG - Chunk 18 verified: 90.00s
2025-02-28 02:13:14 - DEBUG - Chunk 19 verified: 90.00s
2025-02-28 02:13:14 - DEBUG - Chunk 20 verified: 90.00s
2025-02-28 02:13:14 - DEBUG - Chunk 21 verified: 90.00s
2025-02-28 02:13:14 - DEBUG - Chunk 22 verified: 90.00s
2025-02-28 02:13:14 - DEBUG - Chunk 23 verified: 90.00s
2025-02-28 02:13:14 - DEBUG - Chunk 24 verified: 90.00s
2025-02-28 02:13:14 - DEBUG - Chunk 25 verified: 90.00s
2025-02-28 02:13:14 - DEBUG - Chunk 26 verified: 90.00s
2025-02-28 02:13:14 - DEBUG - Chunk 27 verified: 90.00s
2025-02-28 02:13:14 - DEBUG - Chunk 28 verified: 90.00s
2025-02-28 02:13:14 - DEBUG - Chunk 29 verified: 90.00s
2025-02-28 02:13:14 - DEBUG - Chunk 30 verified: 90.00s
2025-02-28 02:13:14 - DEBUG - Chunk 31 verified: 90.00s
2025-02-28 02:13:14 - DEBUG - Chunk 32 verified: 90.00s
2025-02-28 02:13:14 - DEBUG - Chunk 33 verified: 90.00s
2025-02-28 02:13:14 - DEBUG - Chunk 34 verified: 90.00s
2025-02-28 02:13:14 - DEBUG - Chunk 35 verified: 90.00s
2025-02-28 02:13:14 - DEBUG - Chunk 36 verified: 90.00s
2025-02-28 02:13:14 - DEBUG - Chunk 37 verified: 90.00s
2025-02-28 02:13:14 - DEBUG - Chunk 38 verified: 90.00s
2025-02-28 02:13:14 - DEBUG - Chunk 39 verified: 90.00s
2025-02-28 02:13:14 - DEBUG - Chunk 40 verified: 90.00s
2025-02-28 02:13:14 - DEBUG - Chunk 41 verified: 90.00s
2025-02-28 02:13:14 - DEBUG - Chunk 42 verified: 90.00s
2025-02-28 02:13:14 - DEBUG - Chunk 43 verified: 90.00s
2025-02-28 02:13:14 - DEBUG - Chunk 44 verified: 90.00s
2025-02-28 02:13:14 - DEBUG - Chunk 45 verified: 90.00s
2025-02-28 02:13:14 - DEBUG - Chunk 46 verified: 90.00s
2025-02-28 02:13:14 - DEBUG - Chunk 47 verified: 90.00s
2025-02-28 02:13:14 - DEBUG - Chunk 48 verified: 90.00s
2025-02-28 02:13:14 - DEBUG - Chunk 49 verified: 90.00s
2025-02-28 02:13:14 - DEBUG - Chunk 50 verified: 90.00s
2025-02-28 02:13:14 - DEBUG - Chunk 51 verified: 90.00s
2025-02-28 02:13:14 - DEBUG - Chunk 52 verified: 87.74s
2025-02-28 02:13:14 - DEBUG - Chunk 53 verified: 42.74s
2025-02-28 02:13:14 - INFO - Audio coverage: 100.0% of original
2025-02-28 02:13:14 - INFO - Performing enhanced overlap verification
2025-02-28 02:13:14 - DEBUG - Overlap between chunks 1 and 2 is consistent: 45.00s (expected 45.00s)
2025-02-28 02:13:14 - DEBUG - Overlap between chunks 2 and 3 is consistent: 45.00s (expected 45.00s)
2025-02-28 02:13:14 - DEBUG - Overlap between chunks 3 and 4 is consistent: 45.00s (expected 45.00s)
2025-02-28 02:13:14 - DEBUG - Overlap between chunks 4 and 5 is consistent: 45.00s (expected 45.00s)
2025-02-28 02:13:14 - DEBUG - Overlap between chunks 5 and 6 is consistent: 45.00s (expected 45.00s)
2025-02-28 02:13:14 - DEBUG - Overlap between chunks 6 and 7 is consistent: 45.00s (expected 45.00s)
2025-02-28 02:13:14 - DEBUG - Overlap between chunks 7 and 8 is consistent: 45.00s (expected 45.00s)
2025-02-28 02:13:14 - DEBUG - Overlap between chunks 8 and 9 is consistent: 45.00s (expected 45.00s)
2025-02-28 02:13:14 - DEBUG - Overlap between chunks 9 and 10 is consistent: 45.00s (expected 45.00s)
2025-02-28 02:13:14 - DEBUG - Overlap between chunks 10 and 11 is consistent: 45.00s (expected 45.00s)
2025-02-28 02:13:14 - DEBUG - Overlap between chunks 11 and 12 is consistent: 45.00s (expected 45.00s)
2025-02-28 02:13:14 - DEBUG - Overlap between chunks 12 and 13 is consistent: 45.00s (expected 45.00s)
2025-02-28 02:13:14 - DEBUG - Overlap between chunks 13 and 14 is consistent: 45.00s (expected 45.00s)
2025-02-28 02:13:14 - DEBUG - Overlap between chunks 14 and 15 is consistent: 45.00s (expected 45.00s)
2025-02-28 02:13:14 - DEBUG - Overlap between chunks 15 and 16 is consistent: 45.00s (expected 45.00s)
2025-02-28 02:13:14 - DEBUG - Overlap between chunks 16 and 17 is consistent: 45.00s (expected 45.00s)
2025-02-28 02:13:14 - DEBUG - Overlap between chunks 17 and 18 is consistent: 45.00s (expected 45.00s)
2025-02-28 02:13:14 - DEBUG - Overlap between chunks 18 and 19 is consistent: 45.00s (expected 45.00s)
2025-02-28 02:13:14 - DEBUG - Overlap between chunks 19 and 20 is consistent: 45.00s (expected 45.00s)
2025-02-28 02:13:14 - DEBUG - Overlap between chunks 20 and 21 is consistent: 45.00s (expected 45.00s)
2025-02-28 02:13:14 - DEBUG - Overlap between chunks 21 and 22 is consistent: 45.00s (expected 45.00s)
2025-02-28 02:13:14 - DEBUG - Overlap between chunks 22 and 23 is consistent: 45.00s (expected 45.00s)
2025-02-28 02:13:14 - DEBUG - Overlap between chunks 23 and 24 is consistent: 45.00s (expected 45.00s)
2025-02-28 02:13:14 - DEBUG - Overlap between chunks 24 and 25 is consistent: 45.00s (expected 45.00s)
2025-02-28 02:13:14 - DEBUG - Overlap between chunks 25 and 26 is consistent: 45.00s (expected 45.00s)
2025-02-28 02:13:14 - DEBUG - Overlap between chunks 26 and 27 is consistent: 45.00s (expected 45.00s)
2025-02-28 02:13:14 - DEBUG - Overlap between chunks 27 and 28 is consistent: 45.00s (expected 45.00s)
2025-02-28 02:13:14 - DEBUG - Overlap between chunks 28 and 29 is consistent: 45.00s (expected 45.00s)
2025-02-28 02:13:14 - DEBUG - Overlap between chunks 29 and 30 is consistent: 45.00s (expected 45.00s)
2025-02-28 02:13:14 - DEBUG - Overlap between chunks 30 and 31 is consistent: 45.00s (expected 45.00s)
2025-02-28 02:13:14 - DEBUG - Overlap between chunks 31 and 32 is consistent: 45.00s (expected 45.00s)
2025-02-28 02:13:14 - DEBUG - Overlap between chunks 32 and 33 is consistent: 45.00s (expected 45.00s)
2025-02-28 02:13:14 - DEBUG - Overlap between chunks 33 and 34 is consistent: 45.00s (expected 45.00s)
2025-02-28 02:13:14 - DEBUG - Overlap between chunks 34 and 35 is consistent: 45.00s (expected 45.00s)
2025-02-28 02:13:14 - DEBUG - Overlap between chunks 35 and 36 is consistent: 45.00s (expected 45.00s)
2025-02-28 02:13:14 - DEBUG - Overlap between chunks 36 and 37 is consistent: 45.00s (expected 45.00s)
2025-02-28 02:13:14 - DEBUG - Overlap between chunks 37 and 38 is consistent: 45.00s (expected 45.00s)
2025-02-28 02:13:14 - DEBUG - Overlap between chunks 38 and 39 is consistent: 45.00s (expected 45.00s)
2025-02-28 02:13:14 - DEBUG - Overlap between chunks 39 and 40 is consistent: 45.00s (expected 45.00s)
2025-02-28 02:13:14 - DEBUG - Overlap between chunks 40 and 41 is consistent: 45.00s (expected 45.00s)
2025-02-28 02:13:14 - DEBUG - Overlap between chunks 41 and 42 is consistent: 45.00s (expected 45.00s)
2025-02-28 02:13:14 - DEBUG - Overlap between chunks 42 and 43 is consistent: 45.00s (expected 45.00s)
2025-02-28 02:13:14 - DEBUG - Overlap between chunks 43 and 44 is consistent: 45.00s (expected 45.00s)
2025-02-28 02:13:14 - DEBUG - Overlap between chunks 44 and 45 is consistent: 45.00s (expected 45.00s)
2025-02-28 02:13:14 - DEBUG - Overlap between chunks 45 and 46 is consistent: 45.00s (expected 45.00s)
2025-02-28 02:13:14 - DEBUG - Overlap between chunks 46 and 47 is consistent: 45.00s (expected 45.00s)
2025-02-28 02:13:14 - DEBUG - Overlap between chunks 47 and 48 is consistent: 45.00s (expected 45.00s)
2025-02-28 02:13:14 - DEBUG - Overlap between chunks 48 and 49 is consistent: 45.00s (expected 45.00s)
2025-02-28 02:13:14 - DEBUG - Overlap between chunks 49 and 50 is consistent: 45.00s (expected 45.00s)
2025-02-28 02:13:14 - DEBUG - Overlap between chunks 50 and 51 is consistent: 45.00s (expected 45.00s)
2025-02-28 02:13:14 - DEBUG - Overlap between chunks 51 and 52 is consistent: 45.00s (expected 45.00s)
2025-02-28 02:13:14 - DEBUG - Overlap between chunks 52 and 53 is consistent: 42.74s (expected 45.00s)
2025-02-28 02:13:14 - INFO - Splitting Summary:
Total chunks created: 53/53
Original duration: 2367.74s
Chunk size: 60s
Overlap size: 15s
Audio coverage: 100.0%
Overlaps validated: 52
Consistent overlaps: 52
Inconsistent overlaps: 0

2025-02-28 02:13:14 - INFO - Saving split state for 53 chunks
2025-02-28 02:13:14 - DEBUG - Previous state file backed up to audio_split/backup/split_state_backup_20250228_021314.json
2025-02-28 02:13:14 - INFO - Split state saved to audio_split/split_state.json
2025-02-28 02:13:14 - INFO - Audio splitting completed successfully: 53 chunks created
2025-02-28 02:14:25 - DEBUG - Directory already exists: audio
2025-02-28 02:14:25 - DEBUG - Directory already exists: audio_split
2025-02-28 02:14:25 - DEBUG - Directory already exists: audio_split/backup
2025-02-28 02:14:25 - INFO - Found 1 audio files in audio
2025-02-28 02:14:32 - DEBUG - Directory already exists: audio
2025-02-28 02:14:32 - DEBUG - Directory already exists: audio_split
2025-02-28 02:14:32 - DEBUG - Directory already exists: audio_split/backup
2025-02-28 02:14:32 - INFO - Found 1 audio files in audio
2025-02-28 02:14:52 - INFO - Starting audio split process for file: audio/Entre la amistad y la tensión por Ucrania： ¿qué dejó el encuentro entre Macron y Trump？_129.473kbps.wav
2025-02-28 02:14:52 - INFO - Parameters - Split size: 100s, Overlap size: 30s
2025-02-28 02:14:52 - DEBUG - Directory already exists: audio
2025-02-28 02:14:52 - DEBUG - Directory already exists: audio_split
2025-02-28 02:14:52 - DEBUG - Directory already exists: audio_split/backup
2025-02-28 02:14:52 - INFO - Cleaning audio_split directory
2025-02-28 02:14:52 - DEBUG - Backing up existing split state file
2025-02-28 02:14:52 - DEBUG - State file backed up to audio_split/backup/split_state_backup.json
2025-02-28 02:14:52 - DEBUG - Removed 53 files from audio_split
2025-02-28 02:14:52 - DEBUG - Validating audio file path: audio/Entre la amistad y la tensión por Ucrania： ¿qué dejó el encuentro entre Macron y Trump？_129.473kbps.wav
2025-02-28 02:14:52 - DEBUG - File exists at specified path: audio/Entre la amistad y la tensión por Ucrania： ¿qué dejó el encuentro entre Macron y Trump？_129.473kbps.wav
2025-02-28 02:14:52 - INFO - Using audio file: audio/Entre la amistad y la tensión por Ucrania： ¿qué dejó el encuentro entre Macron y Trump？_129.473kbps.wav
2025-02-28 02:14:52 - INFO - Loading audio file: Entre la amistad y la tensión por Ucrania： ¿qué dejó el encuentro entre Macron y Trump？_129.473kbps.wav
2025-02-28 02:14:52 - DEBUG - Original audio format - Channels: 2, Sample rate: 44100Hz, Bit depth: 16 bits
2025-02-28 02:14:53 - DEBUG - Successfully standardized audio to mono 16kHz 16-bit PCM
2025-02-28 02:14:53 - INFO - Audio duration: 2367.74s, Expected chunks: 34
2025-02-28 02:14:53 - DEBUG - Effective chunk size with overlap: 70.00s
2025-02-28 02:14:53 - INFO - Validating overlap calculations before processing
2025-02-28 02:14:53 - INFO - Simulated audio coverage: 100.0% of original
2025-02-28 02:14:53 - INFO - Overlap calculations validated successfully
2025-02-28 02:14:53 - DEBUG - Chunk 1/34 - Main segment: 0.00s to 100.00s
2025-02-28 02:14:53 - DEBUG - Chunk 1/34 - With overlap: 0.00s to 130.00s
2025-02-28 02:14:53 - DEBUG - Chunk 1/34 - Overlap before: 0.00s, Overlap after: 30.00s
2025-02-28 02:14:53 - DEBUG - Successfully exported chunk 01 (130.00s)
2025-02-28 02:14:53 - DEBUG - Chunk 2/34 - Main segment: 70.00s to 170.00s
2025-02-28 02:14:53 - DEBUG - Chunk 2/34 - With overlap: 40.00s to 200.00s
2025-02-28 02:14:53 - DEBUG - Chunk 2/34 - Overlap before: 30.00s, Overlap after: 30.00s
2025-02-28 02:14:53 - DEBUG - Successfully exported chunk 02 (160.00s)
2025-02-28 02:14:53 - DEBUG - Chunk 3/34 - Main segment: 140.00s to 240.00s
2025-02-28 02:14:53 - DEBUG - Chunk 3/34 - With overlap: 110.00s to 270.00s
2025-02-28 02:14:53 - DEBUG - Chunk 3/34 - Overlap before: 30.00s, Overlap after: 30.00s
2025-02-28 02:14:53 - DEBUG - Successfully exported chunk 03 (160.00s)
2025-02-28 02:14:53 - DEBUG - Chunk 4/34 - Main segment: 210.00s to 310.00s
2025-02-28 02:14:53 - DEBUG - Chunk 4/34 - With overlap: 180.00s to 340.00s
2025-02-28 02:14:53 - DEBUG - Chunk 4/34 - Overlap before: 30.00s, Overlap after: 30.00s
2025-02-28 02:14:53 - DEBUG - Successfully exported chunk 04 (160.00s)
2025-02-28 02:14:53 - DEBUG - Chunk 5/34 - Main segment: 280.00s to 380.00s
2025-02-28 02:14:53 - DEBUG - Chunk 5/34 - With overlap: 250.00s to 410.00s
2025-02-28 02:14:53 - DEBUG - Chunk 5/34 - Overlap before: 30.00s, Overlap after: 30.00s
2025-02-28 02:14:53 - DEBUG - Successfully exported chunk 05 (160.00s)
2025-02-28 02:14:53 - DEBUG - Chunk 6/34 - Main segment: 350.00s to 450.00s
2025-02-28 02:14:53 - DEBUG - Chunk 6/34 - With overlap: 320.00s to 480.00s
2025-02-28 02:14:53 - DEBUG - Chunk 6/34 - Overlap before: 30.00s, Overlap after: 30.00s
2025-02-28 02:14:53 - DEBUG - Successfully exported chunk 06 (160.00s)
2025-02-28 02:14:53 - DEBUG - Chunk 7/34 - Main segment: 420.00s to 520.00s
2025-02-28 02:14:53 - DEBUG - Chunk 7/34 - With overlap: 390.00s to 550.00s
2025-02-28 02:14:53 - DEBUG - Chunk 7/34 - Overlap before: 30.00s, Overlap after: 30.00s
2025-02-28 02:14:53 - DEBUG - Successfully exported chunk 07 (160.00s)
2025-02-28 02:14:53 - DEBUG - Chunk 8/34 - Main segment: 490.00s to 590.00s
2025-02-28 02:14:53 - DEBUG - Chunk 8/34 - With overlap: 460.00s to 620.00s
2025-02-28 02:14:53 - DEBUG - Chunk 8/34 - Overlap before: 30.00s, Overlap after: 30.00s
2025-02-28 02:14:53 - DEBUG - Successfully exported chunk 08 (160.00s)
2025-02-28 02:14:53 - DEBUG - Chunk 9/34 - Main segment: 560.00s to 660.00s
2025-02-28 02:14:53 - DEBUG - Chunk 9/34 - With overlap: 530.00s to 690.00s
2025-02-28 02:14:53 - DEBUG - Chunk 9/34 - Overlap before: 30.00s, Overlap after: 30.00s
2025-02-28 02:14:53 - DEBUG - Successfully exported chunk 09 (160.00s)
2025-02-28 02:14:53 - DEBUG - Chunk 10/34 - Main segment: 630.00s to 730.00s
2025-02-28 02:14:53 - DEBUG - Chunk 10/34 - With overlap: 600.00s to 760.00s
2025-02-28 02:14:53 - DEBUG - Chunk 10/34 - Overlap before: 30.00s, Overlap after: 30.00s
2025-02-28 02:14:53 - DEBUG - Successfully exported chunk 10 (160.00s)
2025-02-28 02:14:53 - DEBUG - Chunk 11/34 - Main segment: 700.00s to 800.00s
2025-02-28 02:14:53 - DEBUG - Chunk 11/34 - With overlap: 670.00s to 830.00s
2025-02-28 02:14:53 - DEBUG - Chunk 11/34 - Overlap before: 30.00s, Overlap after: 30.00s
2025-02-28 02:14:54 - DEBUG - Successfully exported chunk 11 (160.00s)
2025-02-28 02:14:54 - DEBUG - Chunk 12/34 - Main segment: 770.00s to 870.00s
2025-02-28 02:14:54 - DEBUG - Chunk 12/34 - With overlap: 740.00s to 900.00s
2025-02-28 02:14:54 - DEBUG - Chunk 12/34 - Overlap before: 30.00s, Overlap after: 30.00s
2025-02-28 02:14:54 - DEBUG - Successfully exported chunk 12 (160.00s)
2025-02-28 02:14:54 - DEBUG - Chunk 13/34 - Main segment: 840.00s to 940.00s
2025-02-28 02:14:54 - DEBUG - Chunk 13/34 - With overlap: 810.00s to 970.00s
2025-02-28 02:14:54 - DEBUG - Chunk 13/34 - Overlap before: 30.00s, Overlap after: 30.00s
2025-02-28 02:14:54 - DEBUG - Successfully exported chunk 13 (160.00s)
2025-02-28 02:14:54 - DEBUG - Chunk 14/34 - Main segment: 910.00s to 1010.00s
2025-02-28 02:14:54 - DEBUG - Chunk 14/34 - With overlap: 880.00s to 1040.00s
2025-02-28 02:14:54 - DEBUG - Chunk 14/34 - Overlap before: 30.00s, Overlap after: 30.00s
2025-02-28 02:14:54 - DEBUG - Successfully exported chunk 14 (160.00s)
2025-02-28 02:14:54 - DEBUG - Chunk 15/34 - Main segment: 980.00s to 1080.00s
2025-02-28 02:14:54 - DEBUG - Chunk 15/34 - With overlap: 950.00s to 1110.00s
2025-02-28 02:14:54 - DEBUG - Chunk 15/34 - Overlap before: 30.00s, Overlap after: 30.00s
2025-02-28 02:14:54 - DEBUG - Successfully exported chunk 15 (160.00s)
2025-02-28 02:14:54 - DEBUG - Chunk 16/34 - Main segment: 1050.00s to 1150.00s
2025-02-28 02:14:54 - DEBUG - Chunk 16/34 - With overlap: 1020.00s to 1180.00s
2025-02-28 02:14:54 - DEBUG - Chunk 16/34 - Overlap before: 30.00s, Overlap after: 30.00s
2025-02-28 02:14:54 - DEBUG - Successfully exported chunk 16 (160.00s)
2025-02-28 02:14:54 - DEBUG - Chunk 17/34 - Main segment: 1120.00s to 1220.00s
2025-02-28 02:14:54 - DEBUG - Chunk 17/34 - With overlap: 1090.00s to 1250.00s
2025-02-28 02:14:54 - DEBUG - Chunk 17/34 - Overlap before: 30.00s, Overlap after: 30.00s
2025-02-28 02:14:54 - DEBUG - Successfully exported chunk 17 (160.00s)
2025-02-28 02:14:54 - DEBUG - Chunk 18/34 - Main segment: 1190.00s to 1290.00s
2025-02-28 02:14:54 - DEBUG - Chunk 18/34 - With overlap: 1160.00s to 1320.00s
2025-02-28 02:14:54 - DEBUG - Chunk 18/34 - Overlap before: 30.00s, Overlap after: 30.00s
2025-02-28 02:14:54 - DEBUG - Successfully exported chunk 18 (160.00s)
2025-02-28 02:14:54 - DEBUG - Chunk 19/34 - Main segment: 1260.00s to 1360.00s
2025-02-28 02:14:54 - DEBUG - Chunk 19/34 - With overlap: 1230.00s to 1390.00s
2025-02-28 02:14:54 - DEBUG - Chunk 19/34 - Overlap before: 30.00s, Overlap after: 30.00s
2025-02-28 02:14:54 - DEBUG - Successfully exported chunk 19 (160.00s)
2025-02-28 02:14:54 - DEBUG - Chunk 20/34 - Main segment: 1330.00s to 1430.00s
2025-02-28 02:14:54 - DEBUG - Chunk 20/34 - With overlap: 1300.00s to 1460.00s
2025-02-28 02:14:54 - DEBUG - Chunk 20/34 - Overlap before: 30.00s, Overlap after: 30.00s
2025-02-28 02:14:54 - DEBUG - Successfully exported chunk 20 (160.00s)
2025-02-28 02:14:54 - DEBUG - Chunk 21/34 - Main segment: 1400.00s to 1500.00s
2025-02-28 02:14:54 - DEBUG - Chunk 21/34 - With overlap: 1370.00s to 1530.00s
2025-02-28 02:14:54 - DEBUG - Chunk 21/34 - Overlap before: 30.00s, Overlap after: 30.00s
2025-02-28 02:14:54 - DEBUG - Successfully exported chunk 21 (160.00s)
2025-02-28 02:14:54 - DEBUG - Chunk 22/34 - Main segment: 1470.00s to 1570.00s
2025-02-28 02:14:54 - DEBUG - Chunk 22/34 - With overlap: 1440.00s to 1600.00s
2025-02-28 02:14:54 - DEBUG - Chunk 22/34 - Overlap before: 30.00s, Overlap after: 30.00s
2025-02-28 02:14:54 - DEBUG - Successfully exported chunk 22 (160.00s)
2025-02-28 02:14:54 - DEBUG - Chunk 23/34 - Main segment: 1540.00s to 1640.00s
2025-02-28 02:14:54 - DEBUG - Chunk 23/34 - With overlap: 1510.00s to 1670.00s
2025-02-28 02:14:54 - DEBUG - Chunk 23/34 - Overlap before: 30.00s, Overlap after: 30.00s
2025-02-28 02:14:54 - DEBUG - Successfully exported chunk 23 (160.00s)
2025-02-28 02:14:54 - DEBUG - Chunk 24/34 - Main segment: 1610.00s to 1710.00s
2025-02-28 02:14:54 - DEBUG - Chunk 24/34 - With overlap: 1580.00s to 1740.00s
2025-02-28 02:14:54 - DEBUG - Chunk 24/34 - Overlap before: 30.00s, Overlap after: 30.00s
2025-02-28 02:14:54 - DEBUG - Successfully exported chunk 24 (160.00s)
2025-02-28 02:14:54 - DEBUG - Chunk 25/34 - Main segment: 1680.00s to 1780.00s
2025-02-28 02:14:54 - DEBUG - Chunk 25/34 - With overlap: 1650.00s to 1810.00s
2025-02-28 02:14:54 - DEBUG - Chunk 25/34 - Overlap before: 30.00s, Overlap after: 30.00s
2025-02-28 02:14:54 - DEBUG - Successfully exported chunk 25 (160.00s)
2025-02-28 02:14:54 - DEBUG - Chunk 26/34 - Main segment: 1750.00s to 1850.00s
2025-02-28 02:14:54 - DEBUG - Chunk 26/34 - With overlap: 1720.00s to 1880.00s
2025-02-28 02:14:54 - DEBUG - Chunk 26/34 - Overlap before: 30.00s, Overlap after: 30.00s
2025-02-28 02:14:54 - DEBUG - Successfully exported chunk 26 (160.00s)
2025-02-28 02:14:54 - DEBUG - Chunk 27/34 - Main segment: 1820.00s to 1920.00s
2025-02-28 02:14:54 - DEBUG - Chunk 27/34 - With overlap: 1790.00s to 1950.00s
2025-02-28 02:14:54 - DEBUG - Chunk 27/34 - Overlap before: 30.00s, Overlap after: 30.00s
2025-02-28 02:14:54 - DEBUG - Successfully exported chunk 27 (160.00s)
2025-02-28 02:14:54 - DEBUG - Chunk 28/34 - Main segment: 1890.00s to 1990.00s
2025-02-28 02:14:54 - DEBUG - Chunk 28/34 - With overlap: 1860.00s to 2020.00s
2025-02-28 02:14:54 - DEBUG - Chunk 28/34 - Overlap before: 30.00s, Overlap after: 30.00s
2025-02-28 02:14:54 - DEBUG - Successfully exported chunk 28 (160.00s)
2025-02-28 02:14:54 - DEBUG - Chunk 29/34 - Main segment: 1960.00s to 2060.00s
2025-02-28 02:14:54 - DEBUG - Chunk 29/34 - With overlap: 1930.00s to 2090.00s
2025-02-28 02:14:54 - DEBUG - Chunk 29/34 - Overlap before: 30.00s, Overlap after: 30.00s
2025-02-28 02:14:55 - DEBUG - Successfully exported chunk 29 (160.00s)
2025-02-28 02:14:55 - DEBUG - Chunk 30/34 - Main segment: 2030.00s to 2130.00s
2025-02-28 02:14:55 - DEBUG - Chunk 30/34 - With overlap: 2000.00s to 2160.00s
2025-02-28 02:14:55 - DEBUG - Chunk 30/34 - Overlap before: 30.00s, Overlap after: 30.00s
2025-02-28 02:14:55 - DEBUG - Successfully exported chunk 30 (160.00s)
2025-02-28 02:14:55 - DEBUG - Chunk 31/34 - Main segment: 2100.00s to 2200.00s
2025-02-28 02:14:55 - DEBUG - Chunk 31/34 - With overlap: 2070.00s to 2230.00s
2025-02-28 02:14:55 - DEBUG - Chunk 31/34 - Overlap before: 30.00s, Overlap after: 30.00s
2025-02-28 02:14:55 - DEBUG - Successfully exported chunk 31 (160.00s)
2025-02-28 02:14:55 - DEBUG - Chunk 32/34 - Main segment: 2170.00s to 2270.00s
2025-02-28 02:14:55 - DEBUG - Chunk 32/34 - With overlap: 2140.00s to 2300.00s
2025-02-28 02:14:55 - DEBUG - Chunk 32/34 - Overlap before: 30.00s, Overlap after: 30.00s
2025-02-28 02:14:55 - DEBUG - Successfully exported chunk 32 (160.00s)
2025-02-28 02:14:55 - DEBUG - Chunk 33/34 - Main segment: 2240.00s to 2340.00s
2025-02-28 02:14:55 - DEBUG - Chunk 33/34 - With overlap: 2210.00s to 2367.74s
2025-02-28 02:14:55 - DEBUG - Chunk 33/34 - Overlap before: 30.00s, Overlap after: 27.74s
2025-02-28 02:14:55 - DEBUG - Successfully exported chunk 33 (157.74s)
2025-02-28 02:14:55 - DEBUG - Chunk 34/34 - Main segment: 2310.00s to 2367.74s
2025-02-28 02:14:55 - DEBUG - Chunk 34/34 - With overlap: 2280.00s to 2367.74s
2025-02-28 02:14:55 - DEBUG - Chunk 34/34 - Overlap before: 30.00s, Overlap after: 0.00s
2025-02-28 02:14:55 - DEBUG - Successfully exported chunk 34 (87.74s)
2025-02-28 02:14:55 - INFO - Verifying integrity of split files
2025-02-28 02:14:55 - DEBUG - Chunk 1 verified: 130.00s
2025-02-28 02:14:55 - DEBUG - Chunk 2 verified: 160.00s
2025-02-28 02:14:55 - DEBUG - Chunk 3 verified: 160.00s
2025-02-28 02:14:55 - DEBUG - Chunk 4 verified: 160.00s
2025-02-28 02:14:55 - DEBUG - Chunk 5 verified: 160.00s
2025-02-28 02:14:55 - DEBUG - Chunk 6 verified: 160.00s
2025-02-28 02:14:55 - DEBUG - Chunk 7 verified: 160.00s
2025-02-28 02:14:55 - DEBUG - Chunk 8 verified: 160.00s
2025-02-28 02:14:55 - DEBUG - Chunk 9 verified: 160.00s
2025-02-28 02:14:55 - DEBUG - Chunk 10 verified: 160.00s
2025-02-28 02:14:55 - DEBUG - Chunk 11 verified: 160.00s
2025-02-28 02:14:55 - DEBUG - Chunk 12 verified: 160.00s
2025-02-28 02:14:55 - DEBUG - Chunk 13 verified: 160.00s
2025-02-28 02:14:55 - DEBUG - Chunk 14 verified: 160.00s
2025-02-28 02:14:55 - DEBUG - Chunk 15 verified: 160.00s
2025-02-28 02:14:55 - DEBUG - Chunk 16 verified: 160.00s
2025-02-28 02:14:55 - DEBUG - Chunk 17 verified: 160.00s
2025-02-28 02:14:55 - DEBUG - Chunk 18 verified: 160.00s
2025-02-28 02:14:55 - DEBUG - Chunk 19 verified: 160.00s
2025-02-28 02:14:55 - DEBUG - Chunk 20 verified: 160.00s
2025-02-28 02:14:55 - DEBUG - Chunk 21 verified: 160.00s
2025-02-28 02:14:55 - DEBUG - Chunk 22 verified: 160.00s
2025-02-28 02:14:55 - DEBUG - Chunk 23 verified: 160.00s
2025-02-28 02:14:55 - DEBUG - Chunk 24 verified: 160.00s
2025-02-28 02:14:55 - DEBUG - Chunk 25 verified: 160.00s
2025-02-28 02:14:55 - DEBUG - Chunk 26 verified: 160.00s
2025-02-28 02:14:55 - DEBUG - Chunk 27 verified: 160.00s
2025-02-28 02:14:55 - DEBUG - Chunk 28 verified: 160.00s
2025-02-28 02:14:55 - DEBUG - Chunk 29 verified: 160.00s
2025-02-28 02:14:55 - DEBUG - Chunk 30 verified: 160.00s
2025-02-28 02:14:55 - DEBUG - Chunk 31 verified: 160.00s
2025-02-28 02:14:55 - DEBUG - Chunk 32 verified: 160.00s
2025-02-28 02:14:55 - DEBUG - Chunk 33 verified: 157.74s
2025-02-28 02:14:55 - DEBUG - Chunk 34 verified: 87.74s
2025-02-28 02:14:55 - INFO - Audio coverage: 100.0% of original
2025-02-28 02:14:55 - INFO - Performing enhanced overlap verification
2025-02-28 02:14:55 - DEBUG - Overlap between chunks 1 and 2 is consistent: 90.00s (expected 90.00s)
2025-02-28 02:14:55 - DEBUG - Overlap between chunks 2 and 3 is consistent: 90.00s (expected 90.00s)
2025-02-28 02:14:55 - DEBUG - Overlap between chunks 3 and 4 is consistent: 90.00s (expected 90.00s)
2025-02-28 02:14:55 - DEBUG - Overlap between chunks 4 and 5 is consistent: 90.00s (expected 90.00s)
2025-02-28 02:14:55 - DEBUG - Overlap between chunks 5 and 6 is consistent: 90.00s (expected 90.00s)
2025-02-28 02:14:55 - DEBUG - Overlap between chunks 6 and 7 is consistent: 90.00s (expected 90.00s)
2025-02-28 02:14:55 - DEBUG - Overlap between chunks 7 and 8 is consistent: 90.00s (expected 90.00s)
2025-02-28 02:14:55 - DEBUG - Overlap between chunks 8 and 9 is consistent: 90.00s (expected 90.00s)
2025-02-28 02:14:55 - DEBUG - Overlap between chunks 9 and 10 is consistent: 90.00s (expected 90.00s)
2025-02-28 02:14:55 - DEBUG - Overlap between chunks 10 and 11 is consistent: 90.00s (expected 90.00s)
2025-02-28 02:14:55 - DEBUG - Overlap between chunks 11 and 12 is consistent: 90.00s (expected 90.00s)
2025-02-28 02:14:55 - DEBUG - Overlap between chunks 12 and 13 is consistent: 90.00s (expected 90.00s)
2025-02-28 02:14:55 - DEBUG - Overlap between chunks 13 and 14 is consistent: 90.00s (expected 90.00s)
2025-02-28 02:14:55 - DEBUG - Overlap between chunks 14 and 15 is consistent: 90.00s (expected 90.00s)
2025-02-28 02:14:55 - DEBUG - Overlap between chunks 15 and 16 is consistent: 90.00s (expected 90.00s)
2025-02-28 02:14:55 - DEBUG - Overlap between chunks 16 and 17 is consistent: 90.00s (expected 90.00s)
2025-02-28 02:14:55 - DEBUG - Overlap between chunks 17 and 18 is consistent: 90.00s (expected 90.00s)
2025-02-28 02:14:55 - DEBUG - Overlap between chunks 18 and 19 is consistent: 90.00s (expected 90.00s)
2025-02-28 02:14:55 - DEBUG - Overlap between chunks 19 and 20 is consistent: 90.00s (expected 90.00s)
2025-02-28 02:14:55 - DEBUG - Overlap between chunks 20 and 21 is consistent: 90.00s (expected 90.00s)
2025-02-28 02:14:55 - DEBUG - Overlap between chunks 21 and 22 is consistent: 90.00s (expected 90.00s)
2025-02-28 02:14:55 - DEBUG - Overlap between chunks 22 and 23 is consistent: 90.00s (expected 90.00s)
2025-02-28 02:14:55 - DEBUG - Overlap between chunks 23 and 24 is consistent: 90.00s (expected 90.00s)
2025-02-28 02:14:55 - DEBUG - Overlap between chunks 24 and 25 is consistent: 90.00s (expected 90.00s)
2025-02-28 02:14:55 - DEBUG - Overlap between chunks 25 and 26 is consistent: 90.00s (expected 90.00s)
2025-02-28 02:14:55 - DEBUG - Overlap between chunks 26 and 27 is consistent: 90.00s (expected 90.00s)
2025-02-28 02:14:55 - DEBUG - Overlap between chunks 27 and 28 is consistent: 90.00s (expected 90.00s)
2025-02-28 02:14:55 - DEBUG - Overlap between chunks 28 and 29 is consistent: 90.00s (expected 90.00s)
2025-02-28 02:14:55 - DEBUG - Overlap between chunks 29 and 30 is consistent: 90.00s (expected 90.00s)
2025-02-28 02:14:55 - DEBUG - Overlap between chunks 30 and 31 is consistent: 90.00s (expected 90.00s)
2025-02-28 02:14:55 - DEBUG - Overlap between chunks 31 and 32 is consistent: 90.00s (expected 90.00s)
2025-02-28 02:14:55 - DEBUG - Overlap between chunks 32 and 33 is consistent: 90.00s (expected 90.00s)
2025-02-28 02:14:55 - DEBUG - Overlap between chunks 33 and 34 is consistent: 87.74s (expected 90.00s)
2025-02-28 02:14:55 - INFO - Splitting Summary:
Total chunks created: 34/34
Original duration: 2367.74s
Chunk size: 100s
Overlap size: 30s
Audio coverage: 100.0%
Overlaps validated: 33
Consistent overlaps: 33
Inconsistent overlaps: 0

2025-02-28 02:14:55 - INFO - Saving split state for 34 chunks
2025-02-28 02:14:55 - DEBUG - Previous state file backed up to audio_split/backup/split_state_backup_20250228_021455.json
2025-02-28 02:14:55 - INFO - Split state saved to audio_split/split_state.json
2025-02-28 02:14:55 - INFO - Audio splitting completed successfully: 34 chunks created
